<?xml version="1.0" encoding="UTF-8"?>
<testsuite xmlns:xsi="http://www.w3.org/2001/XMLSchema-instance" xsi:noNamespaceSchemaLocation="https://maven.apache.org/surefire/maven-surefire-plugin/xsd/surefire-test-report-3.0.xsd" version="3.0" name="com.transportsolution.transportsolution.TransportSolutionApplicationTests" time="7.959" tests="1" errors="0" skipped="0" failures="0">
  <properties>
[...]
</properties>
  <testcase name="contextLoads" classname="com.transportsolution.transportsolution.TransportSolutionApplicationTests" time="0.303">
    <system-out><![CDATA[Standard Commons Logging discovery in action with spring-jcl: please remove commons-logging.jar from classpath in order to avoid potential conflicts
12:37:02.867 [main] INFO org.springframework.test.context.support.AnnotationConfigContextLoaderUtils -- Could not detect default configuration classes for test class [com.transportsolution.transportsolution.TransportSolutionApplicationTests]: TransportSolutionApplicationTests does not declare any static, non-private, non-final, nested classes annotated with @Configuration.
12:37:02.915 [main] INFO org.springframework.boot.test.context.SpringBootTestContextBootstrapper -- Found @SpringBootConfiguration com.transportsolution.transportsolution.TransportSolutionApplication for test class com.transportsolution.transportsolution.TransportSolutionApplicationTests

  .   ____          _            __ _ _
 /\\ / ___'_ __ _ _(_)_ __  __ _ \ \ \ \
( ( )\___ | '_ | '_| | '_ \/ _` | \ \ \ \
 \\/  ___)| |_)| | | | | || (_| |  ) ) ) )
  '  |____| .__|_| |_|_| |_\__, | / / / /
 =========|_|==============|___/=/_/_/_/
 :: Spring Boot ::                (v3.2.5)

2024-05-22T12:37:03.099+05:00  INFO 4856 --- [transport_solution] [           main] c.t.t.TransportSolutionApplicationTests  : Starting TransportSolutionApplicationTests using Java 17.0.8 with PID 4856 (started by ellenalliv in /Users/ellenalliv/diplom/transport_solutions/core_service)
2024-05-22T12:37:03.099+05:00  INFO 4856 --- [transport_solution] [           main] c.t.t.TransportSolutionApplicationTests  : No active profile set, falling back to 1 default profile: "default"
2024-05-22T12:37:03.446+05:00  INFO 4856 --- [transport_solution] [           main] .s.d.r.c.RepositoryConfigurationDelegate : Bootstrapping Spring Data JPA repositories in DEFAULT mode.
2024-05-22T12:37:03.477+05:00  INFO 4856 --- [transport_solution] [           main] .s.d.r.c.RepositoryConfigurationDelegate : Finished Spring Data repository scanning in 27 ms. Found 5 JPA repository interfaces.
2024-05-22T12:37:03.714+05:00  INFO 4856 --- [transport_solution] [           main] o.hibernate.jpa.internal.util.LogHelper  : HHH000204: Processing PersistenceUnitInfo [name: default]
2024-05-22T12:37:03.742+05:00  INFO 4856 --- [transport_solution] [           main] org.hibernate.Version                    : HHH000412: Hibernate ORM core version 6.4.4.Final
2024-05-22T12:37:03.766+05:00  INFO 4856 --- [transport_solution] [           main] o.h.c.internal.RegionFactoryInitiator    : HHH000026: Second-level cache disabled
2024-05-22T12:37:03.883+05:00  INFO 4856 --- [transport_solution] [           main] o.s.o.j.p.SpringPersistenceUnitInfo      : No LoadTimeWeaver setup: ignoring JPA class transformer
2024-05-22T12:37:03.896+05:00  INFO 4856 --- [transport_solution] [           main] com.zaxxer.hikari.HikariDataSource       : HikariPool-1 - Starting...
2024-05-22T12:37:04.006+05:00  INFO 4856 --- [transport_solution] [           main] com.zaxxer.hikari.pool.HikariPool        : HikariPool-1 - Added connection org.postgresql.jdbc.PgConnection@12214f2f
2024-05-22T12:37:04.007+05:00  INFO 4856 --- [transport_solution] [           main] com.zaxxer.hikari.HikariDataSource       : HikariPool-1 - Start completed.
2024-05-22T12:37:04.521+05:00  INFO 4856 --- [transport_solution] [           main] o.h.e.t.j.p.i.JtaPlatformInitiator       : HHH000489: No JTA platform available (set 'hibernate.transaction.jta.platform' to enable JTA platform integration)
2024-05-22T12:37:04.628+05:00  INFO 4856 --- [transport_solution] [           main] j.LocalContainerEntityManagerFactoryBean : Initialized JPA EntityManagerFactory for persistence unit 'default'
2024-05-22T12:37:10.010+05:00  WARN 4856 --- [transport_solution] [           main] JpaBaseConfiguration$JpaWebConfiguration : spring.jpa.open-in-view is enabled by default. Therefore, database queries may be performed during view rendering. Explicitly configure spring.jpa.open-in-view to disable this warning
2024-05-22T12:37:10.182+05:00  INFO 4856 --- [transport_solution] [           main] o.s.s.web.DefaultSecurityFilterChain     : Will secure any request with [org.springframework.security.web.session.DisableEncodeUrlFilter@6ad036d6, org.springframework.security.web.context.request.async.WebAsyncManagerIntegrationFilter@6b72c62, org.springframework.security.web.context.SecurityContextHolderFilter@6ceeb592, org.springframework.security.web.header.HeaderWriterFilter@5ab7e997, org.springframework.web.filter.CorsFilter@5d180628, org.springframework.security.web.authentication.logout.LogoutFilter@57cfb4d8, org.springframework.security.oauth2.server.resource.web.authentication.BearerTokenAuthenticationFilter@4d82ded2, org.springframework.security.web.savedrequest.RequestCacheAwareFilter@35c69e6b, org.springframework.security.web.servletapi.SecurityContextHolderAwareRequestFilter@78e386a5, org.springframework.security.web.authentication.AnonymousAuthenticationFilter@7b4b559d, org.springframework.security.web.session.SessionManagementFilter@65374526, org.springframework.security.web.access.ExceptionTranslationFilter@1611ce1c, org.springframework.security.web.access.intercept.AuthorizationFilter@60773809]
2024-05-22T12:37:10.419+05:00  INFO 4856 --- [transport_solution] [           main] c.t.t.TransportSolutionApplicationTests  : Started TransportSolutionApplicationTests in 7.425 seconds (process running for 7.917)
]]></system-out>
  </testcase>
</testsuite>